0 info it worked if it ends with ok
1 verbose cli [ 'C:\\Program Files\\nodejs\\node.exe',
1 verbose cli   'C:\\Users\\Desiteg\\AppData\\Roaming\\npm\\node_modules\\npm\\bin\\npm-cli.js',
1 verbose cli   'install',
1 verbose cli   '--save-dev',
1 verbose cli   'babel-preset-es2015' ]
2 info using npm@4.0.2
3 info using node@v9.11.1
4 silly loadCurrentTree Starting
5 silly install loadCurrentTree
6 silly install readLocalPackageData
7 silly fetchPackageMetaData babel-preset-es2015
8 silly fetchNamedPackageData babel-preset-es2015
9 silly mapToRegistry name babel-preset-es2015
10 silly mapToRegistry using default registry
11 silly mapToRegistry registry https://registry.npmjs.org/
12 silly mapToRegistry data Result {
12 silly mapToRegistry   raw: 'babel-preset-es2015',
12 silly mapToRegistry   scope: null,
12 silly mapToRegistry   escapedName: 'babel-preset-es2015',
12 silly mapToRegistry   name: 'babel-preset-es2015',
12 silly mapToRegistry   rawSpec: '',
12 silly mapToRegistry   spec: 'latest',
12 silly mapToRegistry   type: 'tag' }
13 silly mapToRegistry uri https://registry.npmjs.org/babel-preset-es2015
14 verbose request uri https://registry.npmjs.org/babel-preset-es2015
15 verbose request no auth needed
16 info attempt registry request try #1 at 17:39:47
17 verbose request id 028409ed186be6d3
18 http request GET https://registry.npmjs.org/babel-preset-es2015
19 http 200 https://registry.npmjs.org/babel-preset-es2015
20 verbose headers { 'content-type': 'application/json; charset=UTF-8',
20 verbose headers   server: 'AmazonS3',
20 verbose headers   'cache-control': 'max-age=300',
20 verbose headers   'last-modified': 'Wed, 17 Jan 2018 21:05:41 GMT',
20 verbose headers   etag: '"5a5fbaa5-1d0fb"',
20 verbose headers   'x-npm-region': 'US-Central',
20 verbose headers   'content-encoding': 'gzip',
20 verbose headers   'content-length': '10539',
20 verbose headers   'accept-ranges': 'bytes',
20 verbose headers   date: 'Thu, 24 May 2018 22:39:51 GMT',
20 verbose headers   via: '1.1 varnish',
20 verbose headers   age: '10045',
20 verbose headers   connection: 'keep-alive',
20 verbose headers   'x-served-by': 'cache-dfw18627-DFW',
20 verbose headers   'x-cache': 'HIT',
20 verbose headers   'x-cache-hits': '1',
20 verbose headers   'x-timer': 'S1527201591.397774,VS0,VE1',
20 verbose headers   vary: 'Accept-Encoding, Accept' }
21 silly get cb [ 200,
21 silly get   { 'content-type': 'application/json; charset=UTF-8',
21 silly get     server: 'AmazonS3',
21 silly get     'cache-control': 'max-age=300',
21 silly get     'last-modified': 'Wed, 17 Jan 2018 21:05:41 GMT',
21 silly get     etag: '"5a5fbaa5-1d0fb"',
21 silly get     'x-npm-region': 'US-Central',
21 silly get     'content-encoding': 'gzip',
21 silly get     'content-length': '10539',
21 silly get     'accept-ranges': 'bytes',
21 silly get     date: 'Thu, 24 May 2018 22:39:51 GMT',
21 silly get     via: '1.1 varnish',
21 silly get     age: '10045',
21 silly get     connection: 'keep-alive',
21 silly get     'x-served-by': 'cache-dfw18627-DFW',
21 silly get     'x-cache': 'HIT',
21 silly get     'x-cache-hits': '1',
21 silly get     'x-timer': 'S1527201591.397774,VS0,VE1',
21 silly get     vary: 'Accept-Encoding, Accept' } ]
22 verbose get saving babel-preset-es2015 to C:\Users\Desiteg\AppData\Roaming\npm-cache\registry.npmjs.org\babel-preset-es2015\.cache.json
23 verbose correctMkdir C:\Users\Desiteg\AppData\Roaming\npm-cache correctMkdir not in flight; initializing
24 silly install normalizeTree
25 silly loadCurrentTree Finishing
26 silly loadIdealTree Starting
27 silly install loadIdealTree
28 silly cloneCurrentTree Starting
29 silly install cloneCurrentTreeToIdealTree
30 silly cloneCurrentTree Finishing
31 silly loadShrinkwrap Starting
32 silly install loadShrinkwrap
33 silly loadShrinkwrap Finishing
34 silly loadAllDepsIntoIdealTree Starting
35 silly install loadAllDepsIntoIdealTree
36 silly resolveWithNewModule babel-preset-es2015@6.24.1 checking installable status
37 silly cache add args [ 'babel-preset-es2015', null ]
38 verbose cache add spec babel-preset-es2015
39 silly cache add parsed spec Result {
39 silly cache add   raw: 'babel-preset-es2015',
39 silly cache add   scope: null,
39 silly cache add   escapedName: 'babel-preset-es2015',
39 silly cache add   name: 'babel-preset-es2015',
39 silly cache add   rawSpec: '',
39 silly cache add   spec: 'latest',
39 silly cache add   type: 'tag' }
40 silly addNamed babel-preset-es2015@latest
41 verbose addNamed "latest" is being treated as a dist-tag for babel-preset-es2015
42 info addNameTag [ 'babel-preset-es2015', 'latest' ]
43 silly mapToRegistry name babel-preset-es2015
44 silly mapToRegistry using default registry
45 silly mapToRegistry registry https://registry.npmjs.org/
46 silly mapToRegistry data Result {
46 silly mapToRegistry   raw: 'babel-preset-es2015',
46 silly mapToRegistry   scope: null,
46 silly mapToRegistry   escapedName: 'babel-preset-es2015',
46 silly mapToRegistry   name: 'babel-preset-es2015',
46 silly mapToRegistry   rawSpec: '',
46 silly mapToRegistry   spec: 'latest',
46 silly mapToRegistry   type: 'tag' }
47 silly mapToRegistry uri https://registry.npmjs.org/babel-preset-es2015
48 verbose addNameTag registry:https://registry.npmjs.org/babel-preset-es2015 not in flight; fetching
49 verbose get https://registry.npmjs.org/babel-preset-es2015 not expired, no request
50 silly addNameTag next cb for babel-preset-es2015 with tag latest
51 silly addNamed babel-preset-es2015@6.24.1
52 verbose addNamed "6.24.1" is a plain semver version for babel-preset-es2015
53 warn deprecated babel-preset-es2015@6.24.1: 🙌  Thanks for using Babel: we recommend using babel-preset-env now: please read babeljs.io/env to update!
54 silly mapToRegistry name babel-preset-es2015
55 silly mapToRegistry using default registry
56 silly mapToRegistry registry https://registry.npmjs.org/
57 silly mapToRegistry data Result {
57 silly mapToRegistry   raw: 'babel-preset-es2015',
57 silly mapToRegistry   scope: null,
57 silly mapToRegistry   escapedName: 'babel-preset-es2015',
57 silly mapToRegistry   name: 'babel-preset-es2015',
57 silly mapToRegistry   rawSpec: '',
57 silly mapToRegistry   spec: 'latest',
57 silly mapToRegistry   type: 'tag' }
58 silly mapToRegistry uri https://registry.npmjs.org/babel-preset-es2015
59 verbose addRemoteTarball https://registry.npmjs.org/babel-preset-es2015/-/babel-preset-es2015-6.24.1.tgz not in flight; adding
60 verbose addRemoteTarball [ 'https://registry.npmjs.org/babel-preset-es2015/-/babel-preset-es2015-6.24.1.tgz',
60 verbose addRemoteTarball   'd44050d6bc2c9feea702aaf38d727a0210538939' ]
61 info retry fetch attempt 1 at 17:39:48
62 info attempt registry request try #1 at 17:39:48
63 http fetch GET https://registry.npmjs.org/babel-preset-es2015/-/babel-preset-es2015-6.24.1.tgz
64 http fetch 200 https://registry.npmjs.org/babel-preset-es2015/-/babel-preset-es2015-6.24.1.tgz
65 warn retry will retry, error on last attempt: Error: EBUSY: resource busy or locked, rename 'C:\Users\Desiteg\AppData\Local\Temp\npm-10408-294d3a83\registry.npmjs.org\babel-preset-es2015\-\babel-preset-es2015-6.24.1.tgz.3394460634' -> 'C:\Users\Desiteg\AppData\Local\Temp\npm-10408-294d3a83\registry.npmjs.org\babel-preset-es2015\-\babel-preset-es2015-6.24.1.tgz'
66 verbose stack TypeError: tarball.destroy is not a function
66 verbose stack     at WriteStreamAtomic.<anonymous> (C:\Users\Desiteg\AppData\Roaming\npm\node_modules\npm\lib\cache\add-remote-tarball.js:97:15)
66 verbose stack     at WriteStreamAtomic.emit (events.js:185:15)
66 verbose stack     at WriteStreamAtomic.emit (C:\Users\Desiteg\AppData\Roaming\npm\node_modules\npm\node_modules\fs-write-stream-atomic\index.js:60:34)
66 verbose stack     at C:\Users\Desiteg\AppData\Roaming\npm\node_modules\npm\node_modules\fs-write-stream-atomic\index.js:89:19
66 verbose stack     at FSReqWrap.oncomplete (fs.js:153:20)
67 verbose cwd C:\xampp\htdocs\ws-node-angular
68 error Windows_NT 6.1.7601
69 error argv "C:\\Program Files\\nodejs\\node.exe" "C:\\Users\\Desiteg\\AppData\\Roaming\\npm\\node_modules\\npm\\bin\\npm-cli.js" "install" "--save-dev" "babel-preset-es2015"
70 error node v9.11.1
71 error npm  v4.0.2
72 error tarball.destroy is not a function
73 error If you need help, you may report this error at:
73 error     <https://github.com/npm/npm/issues>
74 verbose exit [ 1, true ]
